<?xml version="1.0" encoding="UTF-8"?>
<testng-results skipped="0" failed="0" ignored="0" total="1" passed="1">
  <reporter-output>
  </reporter-output>
  <suite name="Default suite" duration-ms="11430" started-at="2021-01-14T20:54:37 CST" finished-at="2021-01-14T20:54:49 CST">
    <groups>
    </groups>
    <test name="Default test" duration-ms="11430" started-at="2021-01-14T20:54:37 CST" finished-at="2021-01-14T20:54:49 CST">
      <class name="testCases.LoginPageTest">
        <test-method status="PASS" signature="setUp()[pri:0, instance:testCases.LoginPageTest@1c3a4799]" name="setUp" is-config="true" duration-ms="7767" started-at="2021-01-14T20:54:37 CST" finished-at="2021-01-14T20:54:45 CST">
          <reporter-output>
          </reporter-output>
        </test-method> <!-- setUp -->
        <test-method status="PASS" signature="loginTest()[pri:0, instance:testCases.LoginPageTest@1c3a4799]" name="loginTest" duration-ms="2286" started-at="2021-01-14T20:54:45 CST" finished-at="2021-01-14T20:54:47 CST">
          <reporter-output>
          </reporter-output>
        </test-method> <!-- loginTest -->
        <test-method status="PASS" signature="tearDown()[pri:0, instance:testCases.LoginPageTest@1c3a4799]" name="tearDown" is-config="true" duration-ms="1302" started-at="2021-01-14T20:54:47 CST" finished-at="2021-01-14T20:54:49 CST">
          <reporter-output>
          </reporter-output>
        </test-method> <!-- tearDown -->
      </class> <!-- testCases.LoginPageTest -->
    </test> <!-- Default test -->
  </suite> <!-- Default suite -->
</testng-results>
